[INFO] [2018-07-18 16:24:06 +0800] basehttp 6344 5488 "GET / HTTP/1.1" 200 4786
[INFO] [2018-07-18 16:24:06 +0800] basehttp 6344 7320 "GET /static/bootstrap-3.3.7/css/blog.css HTTP/1.1" 304 0
[INFO] [2018-07-18 16:24:08 +0800] basehttp 6344 5240 "GET /userauth/ HTTP/1.1" 200 4641
[INFO] [2018-07-18 16:24:10 +0800] basehttp 6344 4596 "GET /url/ HTTP/1.1" 200 7062
[INFO] [2018-07-18 16:25:17 +0800] basehttp 6344 7408 "GET /url/ HTTP/1.1" 200 7126
[INFO] [2018-07-18 16:25:17 +0800] basehttp 6344 8188 "GET /static/icon/favicon.ico HTTP/1.1" 200 5430
[INFO] [2018-07-18 16:25:51 +0800] basehttp 6344 7944 "GET / HTTP/1.1" 200 4786
[INFO] [2018-07-18 16:27:16 +0800] basehttp 8068 7728 "GET / HTTP/1.1" 200 4786
[INFO] [2018-07-18 16:27:33 +0800] basehttp 8068 6708 "GET /userauth/ HTTP/1.1" 200 4641
[INFO] [2018-07-18 16:27:38 +0800] basehttp 8068 6348 "GET / HTTP/1.1" 200 4786
[INFO] [2018-07-18 16:27:53 +0800] basehttp 8068 6376 "GET /userauth/logout/ HTTP/1.1" 200 3814
[INFO] [2018-07-18 16:27:56 +0800] basehttp 8068 7432 "GET / HTTP/1.1" 200 3893
[INFO] [2018-07-18 16:28:05 +0800] basehttp 8068 6432 "GET /url/ HTTP/1.1" 302 0
[INFO] [2018-07-18 16:28:05 +0800] basehttp 8068 6400 "GET /userauth/login/?next=/url/ HTTP/1.1" 200 6607
[INFO] [2018-07-18 16:28:19 +0800] basehttp 8068 7696 "GET /userauth/password-reset/ HTTP/1.1" 200 4551
[INFO] [2018-07-18 16:28:23 +0800] basehttp 8068 7640 "GET /userauth/login/?next=/url/ HTTP/1.1" 200 6607
[INFO] [2018-07-18 16:28:26 +0800] basehttp 8068 7036 "POST /userauth/login/ HTTP/1.1" 302 0
[INFO] [2018-07-18 16:28:26 +0800] basehttp 8068 6124 "GET /url/ HTTP/1.1" 200 7126
[INFO] [2018-07-18 16:30:09 +0800] basehttp 8068 2268 "GET /url/ HTTP/1.1" 200 7124
[INFO] [2018-07-18 16:30:10 +0800] basehttp 8068 3188 "GET /static/icon/favicon.ico HTTP/1.1" 200 5430
[INFO] [2018-07-18 16:30:11 +0800] basehttp 8068 3088 "GET /url/ HTTP/1.1" 200 7124
[INFO] [2018-07-18 16:30:11 +0800] basehttp 8068 8124 "GET /static/icon/favicon.ico HTTP/1.1" 200 5430
[INFO] [2018-07-18 16:30:18 +0800] basehttp 8068 4312 "GET /url/ HTTP/1.1" 200 7122
[INFO] [2018-07-18 16:30:18 +0800] basehttp 8068 4368 "GET /static/icon/favicon.ico HTTP/1.1" 200 5430
[INFO] [2018-07-18 16:30:26 +0800] basehttp 8068 5536 "GET /url/ HTTP/1.1" 200 7124
[INFO] [2018-07-18 16:30:26 +0800] basehttp 8068 6520 "GET /static/icon/favicon.ico HTTP/1.1" 200 5430
[INFO] [2018-07-18 16:34:35 +0800] basehttp 8068 6276 "GET /url/ HTTP/1.1" 200 7218
[INFO] [2018-07-18 16:34:36 +0800] basehttp 8068 6908 "GET /static/icon/favicon.ico HTTP/1.1" 200 5430
[INFO] [2018-07-18 16:36:10 +0800] basehttp 8068 8076 "GET /url/ HTTP/1.1" 200 7217
[INFO] [2018-07-18 16:36:10 +0800] basehttp 8068 7992 "GET /static/icon/favicon.ico HTTP/1.1" 200 5430
[INFO] [2018-07-18 16:36:11 +0800] basehttp 8068 6928 "GET /url/ HTTP/1.1" 200 7217
[INFO] [2018-07-18 16:36:11 +0800] basehttp 8068 7896 "GET /static/icon/favicon.ico HTTP/1.1" 200 5430
[INFO] [2018-07-18 16:37:41 +0800] basehttp 8068 7260 "GET /admin/ HTTP/1.1" 200 8703
[WARNING] [2018-07-18 16:37:42 +0800] base 8068 4620 Not Found: /favicon.ico
[WARNING] [2018-07-18 16:37:42 +0800] basehttp 8068 4620 "GET /favicon.ico HTTP/1.1" 404 4411
[INFO] [2018-07-18 16:37:44 +0800] basehttp 8068 7520 "GET /admin/services/server_urls/ HTTP/1.1" 200 6290
[INFO] [2018-07-18 16:37:44 +0800] basehttp 8068 7868 "GET /admin/jsi18n/ HTTP/1.1" 200 3189
[INFO] [2018-07-18 16:37:48 +0800] basehttp 8068 3480 "GET /admin/services/server_urls/4/change/ HTTP/1.1" 200 6489
[INFO] [2018-07-18 16:37:48 +0800] basehttp 8068 6240 "GET /admin/jsi18n/ HTTP/1.1" 200 3189
[INFO] [2018-07-18 16:37:54 +0800] basehttp 8068 6768 "GET /admin/services/server_urls/ HTTP/1.1" 200 6290
[INFO] [2018-07-18 16:37:55 +0800] basehttp 8068 7984 "GET /admin/services/server_urls/3/change/ HTTP/1.1" 200 6455
[INFO] [2018-07-18 16:37:55 +0800] basehttp 8068 7184 "GET /admin/jsi18n/ HTTP/1.1" 200 3189
[INFO] [2018-07-18 16:37:58 +0800] basehttp 8068 3420 "GET /admin/services/server_urls/ HTTP/1.1" 200 6290
[INFO] [2018-07-18 16:38:09 +0800] basehttp 8068 3908 "GET /admin/ HTTP/1.1" 200 8703
[INFO] [2018-07-18 16:38:18 +0800] basehttp 8068 7152 "GET /admin/myapp/article_blog/ HTTP/1.1" 200 6047
[INFO] [2018-07-18 16:38:18 +0800] basehttp 8068 8116 "GET /admin/jsi18n/ HTTP/1.1" 200 3189
[INFO] [2018-07-18 16:38:21 +0800] basehttp 8068 2504 "GET /admin/myapp/article_blog/1/change/ HTTP/1.1" 200 10158
[INFO] [2018-07-18 16:38:21 +0800] basehttp 8068 516 "GET /admin/jsi18n/ HTTP/1.1" 200 3189
[INFO] [2018-07-18 16:38:43 +0800] basehttp 8068 5324 "GET /admin/myapp/article_blog/ HTTP/1.1" 200 6047
[INFO] [2018-07-18 16:42:37 +0800] basehttp 8048 8100 "GET /admin/myapp/ HTTP/1.1" 200 3433
[INFO] [2018-07-18 16:42:39 +0800] basehttp 8048 6520 "GET /admin/ HTTP/1.1" 200 8703
[ERROR] [2018-07-18 16:42:43 +0800] exception 8048 7628 Internal Server Error: /admin/services/server_urls/
Traceback (most recent call last):
  File "C:\Users\hunter.yang\AppData\Local\Programs\Python\Python35\lib\site-packages\django-1.11.3-py3.5.egg\django\db\backends\utils.py", line 65, in execute
    return self.cursor.execute(sql, params)
  File "C:\Users\hunter.yang\AppData\Local\Programs\Python\Python35\lib\site-packages\django-1.11.3-py3.5.egg\django\db\backends\sqlite3\base.py", line 328, in execute
    return Database.Cursor.execute(self, query, params)
sqlite3.OperationalError: no such column: services_server_urls.required_database

The above exception was the direct cause of the following exception:

Traceback (most recent call last):
  File "C:\Users\hunter.yang\AppData\Local\Programs\Python\Python35\lib\site-packages\django-1.11.3-py3.5.egg\django\core\handlers\exception.py", line 41, in inner
    response = get_response(request)
  File "C:\Users\hunter.yang\AppData\Local\Programs\Python\Python35\lib\site-packages\django-1.11.3-py3.5.egg\django\core\handlers\base.py", line 187, in _get_response
    response = self.process_exception_by_middleware(e, request)
  File "C:\Users\hunter.yang\AppData\Local\Programs\Python\Python35\lib\site-packages\django-1.11.3-py3.5.egg\django\core\handlers\base.py", line 185, in _get_response
    response = wrapped_callback(request, *callback_args, **callback_kwargs)
  File "C:\Users\hunter.yang\AppData\Local\Programs\Python\Python35\lib\site-packages\django-1.11.3-py3.5.egg\django\contrib\admin\options.py", line 551, in wrapper
    return self.admin_site.admin_view(view)(*args, **kwargs)
  File "C:\Users\hunter.yang\AppData\Local\Programs\Python\Python35\lib\site-packages\django-1.11.3-py3.5.egg\django\utils\decorators.py", line 149, in _wrapped_view
    response = view_func(request, *args, **kwargs)
  File "C:\Users\hunter.yang\AppData\Local\Programs\Python\Python35\lib\site-packages\django-1.11.3-py3.5.egg\django\views\decorators\cache.py", line 57, in _wrapped_view_func
    response = view_func(request, *args, **kwargs)
  File "C:\Users\hunter.yang\AppData\Local\Programs\Python\Python35\lib\site-packages\django-1.11.3-py3.5.egg\django\contrib\admin\sites.py", line 224, in inner
    return view(request, *args, **kwargs)
  File "C:\Users\hunter.yang\AppData\Local\Programs\Python\Python35\lib\site-packages\django-1.11.3-py3.5.egg\django\utils\decorators.py", line 67, in _wrapper
    return bound_func(*args, **kwargs)
  File "C:\Users\hunter.yang\AppData\Local\Programs\Python\Python35\lib\site-packages\django-1.11.3-py3.5.egg\django\utils\decorators.py", line 149, in _wrapped_view
    response = view_func(request, *args, **kwargs)
  File "C:\Users\hunter.yang\AppData\Local\Programs\Python\Python35\lib\site-packages\django-1.11.3-py3.5.egg\django\utils\decorators.py", line 63, in bound_func
    return func.__get__(self, type(self))(*args2, **kwargs2)
  File "C:\Users\hunter.yang\AppData\Local\Programs\Python\Python35\lib\site-packages\django-1.11.3-py3.5.egg\django\contrib\admin\options.py", line 1662, in changelist_view
    selection_note=_('0 of %(cnt)s selected') % {'cnt': len(cl.result_list)},
  File "C:\Users\hunter.yang\AppData\Local\Programs\Python\Python35\lib\site-packages\django-1.11.3-py3.5.egg\django\db\models\query.py", line 232, in __len__
    self._fetch_all()
  File "C:\Users\hunter.yang\AppData\Local\Programs\Python\Python35\lib\site-packages\django-1.11.3-py3.5.egg\django\db\models\query.py", line 1118, in _fetch_all
    self._result_cache = list(self._iterable_class(self))
  File "C:\Users\hunter.yang\AppData\Local\Programs\Python\Python35\lib\site-packages\django-1.11.3-py3.5.egg\django\db\models\query.py", line 53, in __iter__
    results = compiler.execute_sql(chunked_fetch=self.chunked_fetch)
  File "C:\Users\hunter.yang\AppData\Local\Programs\Python\Python35\lib\site-packages\django-1.11.3-py3.5.egg\django\db\models\sql\compiler.py", line 886, in execute_sql
    raise original_exception
  File "C:\Users\hunter.yang\AppData\Local\Programs\Python\Python35\lib\site-packages\django-1.11.3-py3.5.egg\django\db\models\sql\compiler.py", line 876, in execute_sql
    cursor.execute(sql, params)
  File "C:\Users\hunter.yang\AppData\Local\Programs\Python\Python35\lib\site-packages\django-1.11.3-py3.5.egg\django\db\backends\utils.py", line 80, in execute
    return super(CursorDebugWrapper, self).execute(sql, params)
  File "C:\Users\hunter.yang\AppData\Local\Programs\Python\Python35\lib\site-packages\django-1.11.3-py3.5.egg\django\db\backends\utils.py", line 65, in execute
    return self.cursor.execute(sql, params)
  File "C:\Users\hunter.yang\AppData\Local\Programs\Python\Python35\lib\site-packages\django-1.11.3-py3.5.egg\django\db\utils.py", line 94, in __exit__
    six.reraise(dj_exc_type, dj_exc_value, traceback)
  File "C:\Users\hunter.yang\AppData\Local\Programs\Python\Python35\lib\site-packages\django-1.11.3-py3.5.egg\django\utils\six.py", line 685, in reraise
    raise value.with_traceback(tb)
  File "C:\Users\hunter.yang\AppData\Local\Programs\Python\Python35\lib\site-packages\django-1.11.3-py3.5.egg\django\db\backends\utils.py", line 65, in execute
    return self.cursor.execute(sql, params)
  File "C:\Users\hunter.yang\AppData\Local\Programs\Python\Python35\lib\site-packages\django-1.11.3-py3.5.egg\django\db\backends\sqlite3\base.py", line 328, in execute
    return Database.Cursor.execute(self, query, params)
django.db.utils.OperationalError: no such column: services_server_urls.required_database
[ERROR] [2018-07-18 16:42:43 +0800] basehttp 8048 7628 "GET /admin/services/server_urls/ HTTP/1.1" 500 167045
[INFO] [2018-07-18 16:42:49 +0800] basehttp 8048 4296 "GET /admin/ HTTP/1.1" 200 8703
[INFO] [2018-07-18 16:53:22 +0800] basehttp 5556 4224 "GET /admin/ HTTP/1.1" 200 8703
[INFO] [2018-07-18 16:53:25 +0800] basehttp 5556 7384 "GET /admin/services/server_urls/ HTTP/1.1" 200 6290
[INFO] [2018-07-18 16:53:25 +0800] basehttp 5556 7900 "GET /admin/jsi18n/ HTTP/1.1" 200 3189
[INFO] [2018-07-18 16:53:26 +0800] basehttp 5556 6860 "GET /admin/services/server_urls/4/change/ HTTP/1.1" 200 7510
[INFO] [2018-07-18 16:53:26 +0800] basehttp 5556 8104 "GET /admin/jsi18n/ HTTP/1.1" 200 3189
[INFO] [2018-07-18 16:53:34 +0800] basehttp 5556 7876 "GET /admin/services/server_urls/ HTTP/1.1" 200 6290
[INFO] [2018-07-18 16:53:39 +0800] basehttp 5556 6212 "GET /admin/ HTTP/1.1" 200 8703
[INFO] [2018-07-18 16:53:43 +0800] basehttp 5556 6516 "GET /admin/myapp/article_blog/ HTTP/1.1" 200 6047
[INFO] [2018-07-18 16:53:43 +0800] basehttp 5556 308 "GET /admin/jsi18n/ HTTP/1.1" 200 3189
[INFO] [2018-07-18 16:56:40 +0800] basehttp 5556 8100 "GET /admin/myapp/ HTTP/1.1" 200 3433
[INFO] [2018-07-18 16:56:44 +0800] basehttp 5556 7336 "GET /admin/ HTTP/1.1" 200 8703
[INFO] [2018-07-18 16:56:48 +0800] basehttp 5556 5300 "GET /admin/services/ HTTP/1.1" 200 2690
[INFO] [2018-07-18 16:56:52 +0800] basehttp 5556 7520 "GET /admin/services/server_type/ HTTP/1.1" 200 4489
[INFO] [2018-07-18 16:56:52 +0800] basehttp 5556 6900 "GET /admin/jsi18n/ HTTP/1.1" 200 3189
[INFO] [2018-07-18 17:14:28 +0800] basehttp 7704 5324 "GET /admin/ HTTP/1.1" 200 8703
[INFO] [2018-07-18 17:14:33 +0800] basehttp 7704 7788 "GET /admin/services/server_type/ HTTP/1.1" 200 4489
[INFO] [2018-07-18 17:14:33 +0800] basehttp 7704 5652 "GET /admin/jsi18n/ HTTP/1.1" 200 3189
[INFO] [2018-07-18 17:14:40 +0800] basehttp 7704 7256 "GET /admin/ HTTP/1.1" 200 8703
[INFO] [2018-07-18 17:14:42 +0800] basehttp 7704 6516 "GET /admin/services/server_urls/ HTTP/1.1" 200 6290
[INFO] [2018-07-18 17:14:42 +0800] basehttp 7704 7368 "GET /admin/jsi18n/ HTTP/1.1" 200 3189
[INFO] [2018-07-18 17:14:44 +0800] basehttp 7704 6960 "GET /admin/services/server_urls/4/change/ HTTP/1.1" 200 7685
[INFO] [2018-07-18 17:14:44 +0800] basehttp 7704 7180 "GET /static/admin/js/collapse.js HTTP/1.1" 200 1151
[INFO] [2018-07-18 17:14:44 +0800] basehttp 7704 4804 "GET /admin/jsi18n/ HTTP/1.1" 200 3189
[INFO] [2018-07-18 17:15:12 +0800] basehttp 7948 7228 "GET /admin/services/server_urls/4/change/ HTTP/1.1" 200 7686
[INFO] [2018-07-18 17:15:12 +0800] basehttp 7948 1736 "GET /admin/jsi18n/ HTTP/1.1" 200 3189
[INFO] [2018-07-18 17:15:22 +0800] basehttp 3084 7708 "GET /admin/services/server_urls/4/change/ HTTP/1.1" 200 7685
[INFO] [2018-07-18 17:15:22 +0800] basehttp 3084 7812 "GET /admin/jsi18n/ HTTP/1.1" 200 3189
[INFO] [2018-07-18 17:16:00 +0800] basehttp 6276 4240 "GET /admin/services/server_urls/ HTTP/1.1" 200 6290
[INFO] [2018-07-18 17:18:10 +0800] basehttp 6276 7564 "GET /admin/services/server_urls/?o=1.4 HTTP/1.1" 200 6802
[INFO] [2018-07-18 17:18:10 +0800] basehttp 6276 7220 "GET /admin/jsi18n/ HTTP/1.1" 200 3189
[INFO] [2018-07-18 17:18:12 +0800] basehttp 6276 7968 "GET /admin/services/server_urls/?o=2.1.4 HTTP/1.1" 200 7130
[INFO] [2018-07-18 17:18:12 +0800] basehttp 6276 360 "GET /admin/jsi18n/ HTTP/1.1" 200 3189
[INFO] [2018-07-18 17:18:15 +0800] basehttp 6276 7704 "GET /admin/services/server_urls/?o=-1.2.4 HTTP/1.1" 200 7142
[INFO] [2018-07-18 17:18:15 +0800] basehttp 6276 4500 "GET /admin/jsi18n/ HTTP/1.1" 200 3189
[INFO] [2018-07-18 17:52:04 +0800] basehttp 6276 4776 "GET /admin/services/server_urls/?o=-1.2 HTTP/1.1" 200 6812
[INFO] [2018-07-18 17:52:04 +0800] basehttp 6276 8176 "GET /admin/jsi18n/ HTTP/1.1" 200 3189
[INFO] [2018-07-18 17:52:06 +0800] basehttp 6276 6224 "GET /admin/services/server_urls/?o=-1 HTTP/1.1" 200 6428
[INFO] [2018-07-18 17:52:06 +0800] basehttp 6276 8112 "GET /admin/jsi18n/ HTTP/1.1" 200 3189
[INFO] [2018-07-18 17:52:07 +0800] basehttp 6276 6768 "GET /admin/services/server_urls/?o= HTTP/1.1" 200 6175
[INFO] [2018-07-18 17:52:07 +0800] basehttp 6276 4752 "GET /admin/jsi18n/ HTTP/1.1" 200 3189
[INFO] [2018-07-18 17:52:11 +0800] basehttp 6276 6124 "GET /hello HTTP/1.1" 200 7896
[INFO] [2018-07-18 17:52:13 +0800] basehttp 6276 6708 "GET /url/ HTTP/1.1" 200 7217
[INFO] [2018-07-18 17:53:16 +0800] basehttp 6276 7328 "GET /admin/services/ HTTP/1.1" 200 2690
[INFO] [2018-07-18 17:53:20 +0800] basehttp 6276 516 "GET /admin/services/server_type/ HTTP/1.1" 200 4489
[INFO] [2018-07-18 17:53:20 +0800] basehttp 6276 7220 "GET /admin/jsi18n/ HTTP/1.1" 200 3189
[INFO] [2018-07-18 17:54:13 +0800] basehttp 6276 5224 "GET /admin/services/ HTTP/1.1" 200 2690
[INFO] [2018-07-18 17:54:17 +0800] basehttp 6276 6328 "GET /admin/services/server_type/ HTTP/1.1" 200 4489
[INFO] [2018-07-18 17:54:17 +0800] basehttp 6276 288 "GET /admin/jsi18n/ HTTP/1.1" 200 3189
[INFO] [2018-07-18 17:54:19 +0800] basehttp 6276 6776 "GET /admin/services/server_type/1/change/ HTTP/1.1" 200 4129
[INFO] [2018-07-18 17:54:19 +0800] basehttp 6276 5072 "GET /admin/jsi18n/ HTTP/1.1" 200 3189
[INFO] [2018-07-18 17:54:21 +0800] basehttp 6276 8100 "GET /admin/services/server_type/ HTTP/1.1" 200 4489
[INFO] [2018-07-18 17:54:21 +0800] basehttp 6276 7952 "GET /admin/services/ HTTP/1.1" 200 2690
[INFO] [2018-07-18 17:54:23 +0800] basehttp 6276 7696 "GET /admin/services/server_urls/ HTTP/1.1" 200 6290
[INFO] [2018-07-18 17:54:23 +0800] basehttp 6276 3260 "GET /admin/jsi18n/ HTTP/1.1" 200 3189
[INFO] [2018-07-18 17:54:27 +0800] basehttp 6276 8132 "GET /admin/services/server_urls/4/change/ HTTP/1.1" 200 7685
[INFO] [2018-07-18 17:54:27 +0800] basehttp 6276 3420 "GET /admin/jsi18n/ HTTP/1.1" 200 3189
[INFO] [2018-07-18 17:59:47 +0800] basehttp 6276 6328 "GET /admin/ HTTP/1.1" 200 8703
[INFO] [2018-07-18 17:59:50 +0800] basehttp 6276 308 "GET /admin/myapp/category/ HTTP/1.1" 200 4429
[INFO] [2018-07-18 17:59:50 +0800] basehttp 6276 7708 "GET /admin/jsi18n/ HTTP/1.1" 200 3189
[INFO] [2018-07-18 17:59:51 +0800] basehttp 6276 7852 "GET /admin/myapp/category/2/change/ HTTP/1.1" 200 4076
[INFO] [2018-07-18 17:59:51 +0800] basehttp 6276 7500 "GET /admin/jsi18n/ HTTP/1.1" 200 3189
[INFO] [2018-07-18 17:59:53 +0800] basehttp 6276 4388 "GET /admin/myapp/category/ HTTP/1.1" 200 4429
[INFO] [2018-07-18 17:59:54 +0800] basehttp 6276 860 "GET /admin/ HTTP/1.1" 200 8703
[INFO] [2018-07-18 17:59:56 +0800] basehttp 6276 3308 "GET /admin/services/server_type/ HTTP/1.1" 200 4489
[INFO] [2018-07-18 17:59:56 +0800] basehttp 6276 7364 "GET /admin/jsi18n/ HTTP/1.1" 200 3189
[INFO] [2018-07-18 17:59:57 +0800] basehttp 6276 3252 "GET /admin/services/server_type/2/change/ HTTP/1.1" 200 4125
[INFO] [2018-07-18 17:59:57 +0800] basehttp 6276 7640 "GET /admin/jsi18n/ HTTP/1.1" 200 3189
[INFO] [2018-07-18 17:59:58 +0800] basehttp 6276 6348 "GET /admin/services/server_type/ HTTP/1.1" 200 4489
[INFO] [2018-07-18 17:59:59 +0800] basehttp 6276 7768 "GET /admin/ HTTP/1.1" 200 8703
[INFO] [2018-07-18 18:00:04 +0800] basehttp 6276 6672 "GET /admin/myapp/article_blog/ HTTP/1.1" 200 6047
[INFO] [2018-07-18 18:00:04 +0800] basehttp 6276 4596 "GET /admin/jsi18n/ HTTP/1.1" 200 3189
[INFO] [2018-07-18 18:00:11 +0800] basehttp 6276 6660 "GET /admin/myapp/article_blog/1/change/ HTTP/1.1" 200 10158
[INFO] [2018-07-18 18:00:11 +0800] basehttp 6276 7496 "GET /admin/jsi18n/ HTTP/1.1" 200 3189
[INFO] [2018-07-18 18:00:13 +0800] basehttp 6276 4128 "GET /admin/myapp/article_blog/ HTTP/1.1" 200 6047
[INFO] [2018-07-18 18:00:14 +0800] basehttp 6276 3188 "GET /admin/ HTTP/1.1" 200 8703
[INFO] [2018-07-18 18:00:15 +0800] basehttp 6276 2504 "GET /admin/services/server_urls/ HTTP/1.1" 200 6290
[INFO] [2018-07-18 18:00:15 +0800] basehttp 6276 4604 "GET /admin/jsi18n/ HTTP/1.1" 200 3189
